\BOOKMARK [1][-]{section.1}{\376\377\000I\000n\000t\000r\000o\000d\000u\000c\000t\000i\000o\000n}{}% 1
\BOOKMARK [2][-]{subsection.1.1}{\376\377\000L\000e\000c\000t\000u\000r\000e\000\040\000C\000o\000n\000t\000e\000n\000t}{section.1}% 2
\BOOKMARK [2][-]{subsection.1.2}{\376\377\000A\000s\000s\000e\000s\000s\000m\000e\000n\000t}{section.1}% 3
\BOOKMARK [2][-]{subsection.1.3}{\376\377\000S\000e\000m\000i\000n\000a\000r\000\040\000C\000o\000n\000t\000e\000n\000t}{section.1}% 4
\BOOKMARK [3][-]{subsubsection.1.3.1}{\376\377\000O\000n\000l\000i\000n\000e\000\040\000R\000e\000s\000o\000u\000r\000c\000e\000s}{subsection.1.3}% 5
\BOOKMARK [1][-]{section.2}{\376\377\000W\000h\000a\000t\000\040\000i\000s\000\040\000i\000n\000t\000e\000r\000a\000c\000t\000i\000o\000n\000\040\000d\000e\000s\000i\000g\000n\000?}{}% 6
\BOOKMARK [2][-]{subsection.2.1}{\376\377\000H\000o\000w\000\040\000t\000o\000\040\000d\000e\000s\000i\000g\000n}{section.2}% 7
\BOOKMARK [2][-]{subsection.2.2}{\376\377\000U\000s\000a\000b\000i\000l\000i\000t\000y\000\040\000g\000o\000a\000l\000s}{section.2}% 8
\BOOKMARK [2][-]{subsection.2.3}{\376\377\000U\000s\000e\000r\000\040\000e\000x\000p\000e\000r\000i\000e\000n\000c\000e\000\040\000g\000o\000a\000l\000s}{section.2}% 9
\BOOKMARK [2][-]{subsection.2.4}{\376\377\000D\000o\000n\000a\000l\000d\000\040\000N\000o\000r\000m\000a\000n\000'\000s\000\040\000d\000e\000s\000i\000g\000n\000\040\000p\000r\000i\000n\000c\000i\000p\000l\000e\000s}{section.2}% 10
\BOOKMARK [3][-]{subsubsection.2.4.1}{\376\377\000V\000i\000s\000i\000b\000i\000l\000i\000t\000y}{subsection.2.4}% 11
\BOOKMARK [3][-]{subsubsection.2.4.2}{\376\377\000F\000e\000e\000d\000b\000a\000c\000k}{subsection.2.4}% 12
\BOOKMARK [3][-]{subsubsection.2.4.3}{\376\377\000C\000o\000n\000s\000t\000r\000a\000i\000n\000t\000s}{subsection.2.4}% 13
\BOOKMARK [3][-]{subsubsection.2.4.4}{\376\377\000M\000a\000p\000p\000i\000n\000g}{subsection.2.4}% 14
\BOOKMARK [3][-]{subsubsection.2.4.5}{\376\377\000C\000o\000n\000s\000i\000s\000t\000e\000n\000c\000y}{subsection.2.4}% 15
\BOOKMARK [3][-]{subsubsection.2.4.6}{\376\377\000A\000f\000f\000o\000r\000d\000a\000n\000c\000e}{subsection.2.4}% 16
\BOOKMARK [1][-]{section.3}{\376\377\000R\000e\000a\000d\000i\000n\000g\000\040\000N\000o\000t\000e\000s\000\040\040\024\000\040\000W\000e\000e\000k\000\040\0001}{}% 17
\BOOKMARK [1][-]{section.4}{\376\377\000C\000o\000n\000c\000e\000p\000t\000u\000a\000l\000i\000s\000i\000n\000g\000\040\000I\000n\000t\000e\000r\000a\000c\000t\000i\000o\000n}{}% 18
\BOOKMARK [2][-]{subsection.4.1}{\376\377\000I\000n\000t\000e\000r\000f\000a\000c\000e\000\040\000m\000e\000t\000a\000p\000h\000o\000r\000s}{section.4}% 19
\BOOKMARK [2][-]{subsection.4.2}{\376\377\000I\000n\000s\000t\000r\000u\000c\000t\000i\000o\000n\000s\000\040\040\024\000\040\000C\000o\000n\000c\000e\000p\000t\000u\000a\000l\000\040\000m\000o\000d\000e\000l}{section.4}% 20
\BOOKMARK [2][-]{subsection.4.3}{\376\377\000C\000o\000n\000v\000e\000r\000s\000i\000n\000g\000\040\040\024\000\040\000C\000o\000n\000c\000e\000p\000t\000u\000a\000l\000\040\000m\000o\000d\000e\000l}{section.4}% 21
\BOOKMARK [2][-]{subsection.4.4}{\376\377\000D\000i\000r\000e\000c\000t\000\040\000m\000a\000n\000i\000p\000u\000l\000a\000t\000i\000o\000n\000\040\040\024\000\040\000C\000o\000n\000c\000e\000p\000t\000u\000a\000l\000\040\000m\000o\000d\000e\000l}{section.4}% 22
\BOOKMARK [2][-]{subsection.4.5}{\376\377\000E\000x\000p\000l\000o\000r\000i\000n\000g\000\040\040\024\000\040\000C\000o\000n\000c\000e\000p\000t\000u\000a\000l\000\040\000m\000o\000d\000e\000l}{section.4}% 23
\BOOKMARK [1][-]{section.5}{\376\377\000U\000s\000e\000r\000\040\000r\000e\000s\000e\000a\000r\000c\000h\000\040\000m\000e\000t\000h\000o\000d\000s}{}% 24
\BOOKMARK [2][-]{subsection.5.1}{\376\377\000I\000n\000t\000e\000r\000v\000i\000e\000w\000s}{section.5}% 25
\BOOKMARK [2][-]{subsection.5.2}{\376\377\000F\000o\000c\000u\000s\000\040\000g\000r\000o\000u\000p\000s}{section.5}% 26
\BOOKMARK [2][-]{subsection.5.3}{\376\377\000Q\000u\000e\000s\000t\000i\000o\000n\000n\000a\000i\000r\000e\000s}{section.5}% 27
\BOOKMARK [3][-]{subsubsection.5.3.1}{\376\377\000G\000o\000o\000d\000\040\000q\000u\000e\000s\000t\000i\000o\000n\000s}{subsection.5.3}% 28
\BOOKMARK [2][-]{subsection.5.4}{\376\377\000O\000b\000s\000e\000r\000v\000a\000t\000i\000o\000n}{section.5}% 29
\BOOKMARK [3][-]{subsubsection.5.4.1}{\376\377\000I\000n\000d\000i\000r\000e\000c\000t\000\040\000o\000b\000s\000e\000r\000v\000a\000t\000i\000o\000n}{subsection.5.4}% 30
\BOOKMARK [1][-]{section.6}{\376\377\000E\000s\000t\000a\000b\000l\000i\000s\000h\000i\000n\000g\000\040\000r\000e\000q\000u\000i\000r\000e\000m\000e\000n\000t\000s}{}% 31
\BOOKMARK [2][-]{subsection.6.1}{\376\377\000F\000u\000n\000c\000t\000i\000o\000n\000a\000l\000\040\000a\000n\000d\000\040\000n\000o\000n\000-\000f\000u\000n\000c\000t\000i\000o\000n\000a\000l\000\040\000r\000e\000q\000u\000i\000r\000e\000m\000e\000n\000t\000s}{section.6}% 32
\BOOKMARK [2][-]{subsection.6.2}{\376\377\000U\000s\000e\000r\000\040\000r\000e\000q\000u\000i\000r\000e\000m\000e\000n\000t\000s}{section.6}% 33
\BOOKMARK [2][-]{subsection.6.3}{\376\377\000U\000s\000a\000b\000i\000l\000i\000t\000y\000\040\000/\000\040\000U\000X\000\040\000r\000e\000q\000u\000i\000r\000e\000m\000e\000n\000t\000s}{section.6}% 34
\BOOKMARK [2][-]{subsection.6.4}{\376\377\000D\000e\000s\000i\000g\000n\000\040\000r\000e\000q\000u\000i\000r\000e\000m\000e\000n\000t\000s}{section.6}% 35
